[15-May-2024 22:19:27 UTC] PHP Fatal error:  Uncaught Error: Call to a member function get_result() on false in C:\inetpub\wwwroot\WCF_Coding_Challenge\controllers\AuthController.php:23
Stack trace:
#0 C:\inetpub\wwwroot\WCF_Coding_Challenge\views\login.php(7): AuthController->login()
#1 {main}
  thrown in C:\inetpub\wwwroot\WCF_Coding_Challenge\controllers\AuthController.php on line 23
[15-May-2024 22:20:35 UTC] PHP Fatal error:  Uncaught Error: Call to a member function get_result() on false in C:\inetpub\wwwroot\WCF_Coding_Challenge\controllers\AuthController.php:24
Stack trace:
#0 C:\inetpub\wwwroot\WCF_Coding_Challenge\views\login.php(7): AuthController->login()
#1 {main}
  thrown in C:\inetpub\wwwroot\WCF_Coding_Challenge\controllers\AuthController.php on line 24
[15-May-2024 22:21:29 UTC] PHP Fatal error:  Uncaught Error: Call to a member function get_result() on false in C:\inetpub\wwwroot\WCF_Coding_Challenge\controllers\AuthController.php:24
Stack trace:
#0 C:\inetpub\wwwroot\WCF_Coding_Challenge\views\login.php(8): AuthController->login()
#1 {main}
  thrown in C:\inetpub\wwwroot\WCF_Coding_Challenge\controllers\AuthController.php on line 24
[15-May-2024 22:22:01 UTC] PHP Fatal error:  Uncaught Error: Call to a member function get_result() on false in C:\inetpub\wwwroot\WCF_Coding_Challenge\controllers\AuthController.php:23
Stack trace:
#0 C:\inetpub\wwwroot\WCF_Coding_Challenge\views\login.php(7): AuthController->login()
#1 {main}
  thrown in C:\inetpub\wwwroot\WCF_Coding_Challenge\controllers\AuthController.php on line 23
[15-May-2024 22:37:17 UTC] PHP Warning:  session_start(): open_basedir restriction in effect. File(C:\Windows\TEMP) is not within the allowed path(s): (C:\inetpub\wwwroot) in C:\inetpub\wwwroot\WCF_Coding_Challenge\controllers\AuthController.php on line 36
[15-May-2024 22:37:17 UTC] PHP Warning:  session_start(): Failed to initialize storage module: files (path: ) in C:\inetpub\wwwroot\WCF_Coding_Challenge\controllers\AuthController.php on line 36
[15-May-2024 22:40:42 UTC] PHP Warning:  session_start(): open_basedir restriction in effect. File(C:\Windows\TEMP) is not within the allowed path(s): (C:\inetpub\wwwroot) in C:\inetpub\wwwroot\WCF_Coding_Challenge\controllers\AuthController.php on line 36
[15-May-2024 22:40:42 UTC] PHP Warning:  session_start(): Failed to initialize storage module: files (path: ) in C:\inetpub\wwwroot\WCF_Coding_Challenge\controllers\AuthController.php on line 36
[15-May-2024 22:41:40 UTC] PHP Warning:  session_start(): open_basedir restriction in effect. File(C:\Windows\TEMP) is not within the allowed path(s): (C:\inetpub\wwwroot) in C:\inetpub\wwwroot\WCF_Coding_Challenge\controllers\AuthController.php on line 36
[15-May-2024 22:41:40 UTC] PHP Warning:  session_start(): Failed to initialize storage module: files (path: ) in C:\inetpub\wwwroot\WCF_Coding_Challenge\controllers\AuthController.php on line 36
[16-May-2024 00:24:58 UTC] PHP Warning:  Undefined array key "patientId" in C:\inetpub\wwwroot\WCF_Coding_Challenge\views\view_patient.php on line 8
[16-May-2024 00:25:02 UTC] PHP Warning:  Undefined array key "patientId" in C:\inetpub\wwwroot\WCF_Coding_Challenge\views\view_patient.php on line 8
[16-May-2024 00:25:52 UTC] PHP Warning:  Undefined array key "patientId" in C:\inetpub\wwwroot\WCF_Coding_Challenge\views\view_patient.php on line 8
[16-May-2024 01:52:04 UTC] PHP Warning:  session_start(): open_basedir restriction in effect. File(C:\Windows\TEMP) is not within the allowed path(s): (C:\inetpub\wwwroot) in C:\inetpub\wwwroot\WCF_Coding_Challenge\controllers\AuthController.php on line 36
[16-May-2024 01:52:04 UTC] PHP Warning:  session_start(): Failed to initialize storage module: files (path: ) in C:\inetpub\wwwroot\WCF_Coding_Challenge\controllers\AuthController.php on line 36
[16-May-2024 01:52:14 UTC] PHP Warning:  session_start(): open_basedir restriction in effect. File(C:\Windows\TEMP) is not within the allowed path(s): (C:\inetpub\wwwroot) in C:\inetpub\wwwroot\WCF_Coding_Challenge\controllers\AuthController.php on line 36
[16-May-2024 01:52:14 UTC] PHP Warning:  session_start(): Failed to initialize storage module: files (path: ) in C:\inetpub\wwwroot\WCF_Coding_Challenge\controllers\AuthController.php on line 36
[16-May-2024 01:52:29 UTC] PHP Warning:  session_start(): open_basedir restriction in effect. File(C:\Windows\TEMP) is not within the allowed path(s): (C:\inetpub\wwwroot) in C:\inetpub\wwwroot\WCF_Coding_Challenge\controllers\AuthController.php on line 36
[16-May-2024 01:52:29 UTC] PHP Warning:  session_start(): Failed to initialize storage module: files (path: ) in C:\inetpub\wwwroot\WCF_Coding_Challenge\controllers\AuthController.php on line 36
[16-May-2024 01:52:55 UTC] PHP Warning:  session_start(): open_basedir restriction in effect. File(C:\Windows\TEMP) is not within the allowed path(s): (C:\inetpub\wwwroot) in C:\inetpub\wwwroot\WCF_Coding_Challenge\controllers\AuthController.php on line 36
[16-May-2024 01:52:55 UTC] PHP Warning:  session_start(): Failed to initialize storage module: files (path: ) in C:\inetpub\wwwroot\WCF_Coding_Challenge\controllers\AuthController.php on line 36
